<?xml version="1.0" encoding="UTF-8"?>
<testsuite name="com.kang.ginger.springboot.domain.posts.PostsRepositoryTest" tests="2" skipped="0" failures="0" errors="0" timestamp="2020-04-05T10:31:32" hostname="DESKTOP-4ELEID3" time="0.815">
  <properties/>
  <testcase name="게시글저장_불러오기" classname="com.kang.ginger.springboot.domain.posts.PostsRepositoryTest" time="0.781"/>
  <testcase name="BaseTimeEntity_등록" classname="com.kang.ginger.springboot.domain.posts.PostsRepositoryTest" time="0.033"/>
  <system-out><![CDATA[2020-04-05 19:31:10.985  INFO 17152 --- [    Test worker] .b.t.c.SpringBootTestContextBootstrapper : Neither @ContextConfiguration nor @ContextHierarchy found for test class [com.kang.ginger.springboot.domain.posts.PostsRepositoryTest], using SpringBootContextLoader
2020-04-05 19:31:10.989  INFO 17152 --- [    Test worker] o.s.t.c.support.AbstractContextLoader    : Could not detect default resource locations for test class [com.kang.ginger.springboot.domain.posts.PostsRepositoryTest]: no resource found for suffixes {-context.xml, Context.groovy}.
2020-04-05 19:31:10.989  INFO 17152 --- [    Test worker] t.c.s.AnnotationConfigContextLoaderUtils : Could not detect default configuration classes for test class [com.kang.ginger.springboot.domain.posts.PostsRepositoryTest]: PostsRepositoryTest does not declare any static, non-private, non-final, nested classes annotated with @Configuration.
2020-04-05 19:31:11.069  INFO 17152 --- [    Test worker] .b.t.c.SpringBootTestContextBootstrapper : Found @SpringBootConfiguration com.kang.ginger.springboot.Application for test class com.kang.ginger.springboot.domain.posts.PostsRepositoryTest
2020-04-05 19:31:11.087  INFO 17152 --- [    Test worker] .b.t.c.SpringBootTestContextBootstrapper : Loaded default TestExecutionListener class names from location [META-INF/spring.factories]: [org.springframework.security.test.context.support.WithSecurityContextTestExecutionListener, org.springframework.security.test.context.support.ReactorContextTestExecutionListener, org.springframework.boot.test.autoconfigure.restdocs.RestDocsTestExecutionListener, org.springframework.boot.test.autoconfigure.web.client.MockRestServiceServerResetTestExecutionListener, org.springframework.boot.test.autoconfigure.web.servlet.MockMvcPrintOnlyOnFailureTestExecutionListener, org.springframework.boot.test.autoconfigure.web.servlet.WebDriverTestExecutionListener, org.springframework.boot.test.mock.mockito.MockitoTestExecutionListener, org.springframework.boot.test.mock.mockito.ResetMocksTestExecutionListener, org.springframework.test.context.web.ServletTestExecutionListener, org.springframework.test.context.support.DirtiesContextBeforeModesTestExecutionListener, org.springframework.test.context.support.DependencyInjectionTestExecutionListener, org.springframework.test.context.support.DirtiesContextTestExecutionListener, org.springframework.test.context.transaction.TransactionalTestExecutionListener, org.springframework.test.context.jdbc.SqlScriptsTestExecutionListener]
2020-04-05 19:31:11.096  INFO 17152 --- [    Test worker] .b.t.c.SpringBootTestContextBootstrapper : Using TestExecutionListeners: [org.springframework.test.context.web.ServletTestExecutionListener@6b88b53a, org.springframework.test.context.support.DirtiesContextBeforeModesTestExecutionListener@c87a048, org.springframework.boot.test.mock.mockito.MockitoTestExecutionListener@7d0aa08f, org.springframework.boot.test.autoconfigure.SpringBootDependencyInjectionTestExecutionListener@10a6e675, org.springframework.test.context.support.DirtiesContextTestExecutionListener@3ea9a03e, org.springframework.test.context.transaction.TransactionalTestExecutionListener@f1dc243, org.springframework.test.context.jdbc.SqlScriptsTestExecutionListener@27bb15f7, org.springframework.security.test.context.support.WithSecurityContextTestExecutionListener@9da3b, org.springframework.security.test.context.support.ReactorContextTestExecutionListener@73d23254, org.springframework.boot.test.autoconfigure.restdocs.RestDocsTestExecutionListener@123cf9b7, org.springframework.boot.test.autoconfigure.web.client.MockRestServiceServerResetTestExecutionListener@6d5742aa, org.springframework.boot.test.autoconfigure.web.servlet.MockMvcPrintOnlyOnFailureTestExecutionListener@23419539, org.springframework.boot.test.autoconfigure.web.servlet.WebDriverTestExecutionListener@41635397, org.springframework.boot.test.mock.mockito.ResetMocksTestExecutionListener@3467fb4d]

  .   ____          _            __ _ _
 /\\ / ___'_ __ _ _(_)_ __  __ _ \ \ \ \
( ( )\___ | '_ | '_| | '_ \/ _` | \ \ \ \
 \\/  ___)| |_)| | | | | || (_| |  ) ) ) )
  '  |____| .__|_| |_|_| |_\__, | / / / /
 =========|_|==============|___/=/_/_/_/
 :: Spring Boot ::        (v2.1.7.RELEASE)

2020-04-05 19:31:11.335  INFO 17152 --- [    Test worker] c.k.g.s.d.posts.PostsRepositoryTest      : Starting PostsRepositoryTest on DESKTOP-4ELEID3 with PID 17152 (started by 강대훈 in C:\spring_boot)
2020-04-05 19:31:11.338  INFO 17152 --- [    Test worker] c.k.g.s.d.posts.PostsRepositoryTest      : No active profile set, falling back to default profiles: default
2020-04-05 19:31:13.361  INFO 17152 --- [    Test worker] .s.d.r.c.RepositoryConfigurationDelegate : Bootstrapping Spring Data repositories in DEFAULT mode.
2020-04-05 19:31:13.737  INFO 17152 --- [    Test worker] .s.d.r.c.RepositoryConfigurationDelegate : Finished Spring Data repository scanning in 340ms. Found 2 repository interfaces.
2020-04-05 19:31:15.044  INFO 17152 --- [    Test worker] trationDelegate$BeanPostProcessorChecker : Bean 'org.springframework.transaction.annotation.ProxyTransactionManagementConfiguration' of type [org.springframework.transaction.annotation.ProxyTransactionManagementConfiguration$$EnhancerBySpringCGLIB$$1173afc6] is not eligible for getting processed by all BeanPostProcessors (for example: not eligible for auto-proxying)
2020-04-05 19:31:15.810  INFO 17152 --- [    Test worker] com.zaxxer.hikari.HikariDataSource       : HikariPool-1 - Starting...
2020-04-05 19:31:16.550  INFO 17152 --- [    Test worker] com.zaxxer.hikari.HikariDataSource       : HikariPool-1 - Start completed.
2020-04-05 19:31:17.002  INFO 17152 --- [    Test worker] o.hibernate.jpa.internal.util.LogHelper  : HHH000204: Processing PersistenceUnitInfo [
	name: default
	...]
2020-04-05 19:31:17.539  INFO 17152 --- [    Test worker] org.hibernate.Version                    : HHH000412: Hibernate Core {5.3.10.Final}
2020-04-05 19:31:17.558  INFO 17152 --- [    Test worker] org.hibernate.cfg.Environment            : HHH000206: hibernate.properties not found
2020-04-05 19:31:17.879  INFO 17152 --- [    Test worker] o.hibernate.annotations.common.Version   : HCANN000001: Hibernate Commons Annotations {5.0.4.Final}
2020-04-05 19:31:18.739  INFO 17152 --- [    Test worker] org.hibernate.dialect.Dialect            : HHH000400: Using dialect: org.hibernate.dialect.MySQL5InnoDBDialect
Hibernate: drop table if exists posts
Hibernate: drop table if exists user
Hibernate: create table posts (id bigint not null auto_increment, created_date datetime, modified_date datetime, author varchar(255), content TEXT not null, title varchar(500) not null, primary key (id)) engine=InnoDB
Hibernate: create table user (id bigint not null auto_increment, created_date datetime, modified_date datetime, email varchar(255) not null, name varchar(255) not null, picture varchar(255), role varchar(255) not null, primary key (id)) engine=InnoDB
2020-04-05 19:31:22.421  INFO 17152 --- [    Test worker] o.h.t.schema.internal.SchemaCreatorImpl  : HHH000476: Executing import script 'org.hibernate.tool.schema.internal.exec.ScriptSourceInputNonExistentImpl@15b2394d'
2020-04-05 19:31:22.440  INFO 17152 --- [    Test worker] j.LocalContainerEntityManagerFactoryBean : Initialized JPA EntityManagerFactory for persistence unit 'default'
2020-04-05 19:31:24.959  INFO 17152 --- [    Test worker] o.h.h.i.QueryTranslatorFactoryInitiator  : HHH000397: Using ASTQueryTranslatorFactory
2020-04-05 19:31:26.658  INFO 17152 --- [    Test worker] o.s.s.web.DefaultSecurityFilterChain     : Creating filter chain: any request, [org.springframework.security.web.context.request.async.WebAsyncManagerIntegrationFilter@4efdf4f8, org.springframework.security.web.context.SecurityContextPersistenceFilter@761422e2, org.springframework.security.web.header.HeaderWriterFilter@49e71689, org.springframework.security.web.authentication.logout.LogoutFilter@17b6ece0, org.springframework.security.oauth2.client.web.OAuth2AuthorizationRequestRedirectFilter@1f5dd2ea, org.springframework.security.oauth2.client.web.OAuth2LoginAuthenticationFilter@655c152e, org.springframework.security.web.authentication.ui.DefaultLoginPageGeneratingFilter@4062c53c, org.springframework.security.web.authentication.ui.DefaultLogoutPageGeneratingFilter@24d4d93b, org.springframework.security.web.savedrequest.RequestCacheAwareFilter@72dab4ce, org.springframework.security.web.servletapi.SecurityContextHolderAwareRequestFilter@3f8b742, org.springframework.security.web.authentication.AnonymousAuthenticationFilter@21244dea, org.springframework.security.web.session.SessionManagementFilter@40807b2a, org.springframework.security.web.access.ExceptionTranslationFilter@795fb2bc, org.springframework.security.web.access.intercept.FilterSecurityInterceptor@70e9fc00]
2020-04-05 19:31:28.834  INFO 17152 --- [    Test worker] o.s.s.concurrent.ThreadPoolTaskExecutor  : Initializing ExecutorService 'applicationTaskExecutor'
2020-04-05 19:31:28.924  WARN 17152 --- [    Test worker] aWebConfiguration$JpaWebMvcConfiguration : spring.jpa.open-in-view is enabled by default. Therefore, database queries may be performed during view rendering. Explicitly configure spring.jpa.open-in-view to disable this warning
2020-04-05 19:31:29.098  INFO 17152 --- [    Test worker] o.s.b.a.w.s.WelcomePageHandlerMapping    : Adding welcome page template: index
2020-04-05 19:31:32.026  INFO 17152 --- [    Test worker] s.a.ScheduledAnnotationBeanPostProcessor : No TaskScheduler/ScheduledExecutorService bean found for scheduled processing
2020-04-05 19:31:32.064  INFO 17152 --- [    Test worker] c.k.g.s.d.posts.PostsRepositoryTest      : Started PostsRepositoryTest in 20.955 seconds (JVM running for 44.405)
Hibernate: insert into posts (created_date, modified_date, author, content, title) values (?, ?, ?, ?, ?)
Hibernate: select posts0_.id as id1_0_, posts0_.created_date as created_2_0_, posts0_.modified_date as modified3_0_, posts0_.author as author4_0_, posts0_.content as content5_0_, posts0_.title as title6_0_ from posts posts0_
Hibernate: select posts0_.id as id1_0_, posts0_.created_date as created_2_0_, posts0_.modified_date as modified3_0_, posts0_.author as author4_0_, posts0_.content as content5_0_, posts0_.title as title6_0_ from posts posts0_
Hibernate: delete from posts where id=?
Hibernate: insert into posts (created_date, modified_date, author, content, title) values (?, ?, ?, ?, ?)
Hibernate: select posts0_.id as id1_0_, posts0_.created_date as created_2_0_, posts0_.modified_date as modified3_0_, posts0_.author as author4_0_, posts0_.content as content5_0_, posts0_.title as title6_0_ from posts posts0_
>>>>>>>>> createDate=2020-04-05T19:31:32.871, modifiedDate=2020-04-05T19:31:32.871
Hibernate: select posts0_.id as id1_0_, posts0_.created_date as created_2_0_, posts0_.modified_date as modified3_0_, posts0_.author as author4_0_, posts0_.content as content5_0_, posts0_.title as title6_0_ from posts posts0_
Hibernate: delete from posts where id=?
]]></system-out>
  <system-err><![CDATA[]]></system-err>
</testsuite>
