<?xml version="1.0" encoding="UTF-8"?>
<testsuite name="com.kang.ginger.springboot.web.Dto.HelloResponseDtoTest" tests="1" skipped="0" failures="0" errors="0" timestamp="2020-04-05T10:31:32" hostname="DESKTOP-4ELEID3" time="0.007">
  <properties/>
  <testcase name="롬복_기능_테스트" classname="com.kang.ginger.springboot.web.Dto.HelloResponseDtoTest" time="0.007"/>
  <system-out><![CDATA[]]></system-out>
  <system-err><![CDATA[]]></system-err>
</testsuite>
