<?xml version="1.0" encoding="UTF-8"?>
<testsuite name="com.kang.ginger.springboot.web.PostsApiControllerTest" tests="2" skipped="0" failures="0" errors="0" timestamp="2020-04-05T10:31:44" hostname="DESKTOP-4ELEID3" time="0.44">
  <properties/>
  <testcase name="Posts_등록된다" classname="com.kang.ginger.springboot.web.PostsApiControllerTest" time="0.286"/>
  <testcase name="Posts_수정된다" classname="com.kang.ginger.springboot.web.PostsApiControllerTest" time="0.152"/>
  <system-out><![CDATA[2020-04-05 19:31:44.583  INFO 17152 --- [    Test worker] .b.t.c.SpringBootTestContextBootstrapper : Neither @ContextConfiguration nor @ContextHierarchy found for test class [com.kang.ginger.springboot.web.PostsApiControllerTest], using SpringBootContextLoader
2020-04-05 19:31:44.588  INFO 17152 --- [    Test worker] o.s.t.c.support.AbstractContextLoader    : Could not detect default resource locations for test class [com.kang.ginger.springboot.web.PostsApiControllerTest]: no resource found for suffixes {-context.xml, Context.groovy}.
2020-04-05 19:31:44.588  INFO 17152 --- [    Test worker] t.c.s.AnnotationConfigContextLoaderUtils : Could not detect default configuration classes for test class [com.kang.ginger.springboot.web.PostsApiControllerTest]: PostsApiControllerTest does not declare any static, non-private, non-final, nested classes annotated with @Configuration.
2020-04-05 19:31:44.596  INFO 17152 --- [    Test worker] .b.t.c.SpringBootTestContextBootstrapper : Found @SpringBootConfiguration com.kang.ginger.springboot.Application for test class com.kang.ginger.springboot.web.PostsApiControllerTest
2020-04-05 19:31:44.601  INFO 17152 --- [    Test worker] .b.t.c.SpringBootTestContextBootstrapper : Loaded default TestExecutionListener class names from location [META-INF/spring.factories]: [org.springframework.security.test.context.support.WithSecurityContextTestExecutionListener, org.springframework.security.test.context.support.ReactorContextTestExecutionListener, org.springframework.boot.test.autoconfigure.restdocs.RestDocsTestExecutionListener, org.springframework.boot.test.autoconfigure.web.client.MockRestServiceServerResetTestExecutionListener, org.springframework.boot.test.autoconfigure.web.servlet.MockMvcPrintOnlyOnFailureTestExecutionListener, org.springframework.boot.test.autoconfigure.web.servlet.WebDriverTestExecutionListener, org.springframework.boot.test.mock.mockito.MockitoTestExecutionListener, org.springframework.boot.test.mock.mockito.ResetMocksTestExecutionListener, org.springframework.test.context.web.ServletTestExecutionListener, org.springframework.test.context.support.DirtiesContextBeforeModesTestExecutionListener, org.springframework.test.context.support.DependencyInjectionTestExecutionListener, org.springframework.test.context.support.DirtiesContextTestExecutionListener, org.springframework.test.context.transaction.TransactionalTestExecutionListener, org.springframework.test.context.jdbc.SqlScriptsTestExecutionListener]
2020-04-05 19:31:44.605  INFO 17152 --- [    Test worker] .b.t.c.SpringBootTestContextBootstrapper : Using TestExecutionListeners: [org.springframework.test.context.web.ServletTestExecutionListener@593641a2, org.springframework.test.context.support.DirtiesContextBeforeModesTestExecutionListener@271696c1, org.springframework.boot.test.mock.mockito.MockitoTestExecutionListener@5d7af37b, org.springframework.boot.test.autoconfigure.SpringBootDependencyInjectionTestExecutionListener@1b72cd92, org.springframework.test.context.support.DirtiesContextTestExecutionListener@70a2b40f, org.springframework.test.context.transaction.TransactionalTestExecutionListener@63918444, org.springframework.test.context.jdbc.SqlScriptsTestExecutionListener@697a5266, org.springframework.security.test.context.support.WithSecurityContextTestExecutionListener@64690c86, org.springframework.security.test.context.support.ReactorContextTestExecutionListener@10edec8, org.springframework.boot.test.autoconfigure.restdocs.RestDocsTestExecutionListener@6ed2d909, org.springframework.boot.test.autoconfigure.web.client.MockRestServiceServerResetTestExecutionListener@55004fd7, org.springframework.boot.test.autoconfigure.web.servlet.MockMvcPrintOnlyOnFailureTestExecutionListener@79a164cd, org.springframework.boot.test.autoconfigure.web.servlet.WebDriverTestExecutionListener@eae0daf, org.springframework.boot.test.mock.mockito.ResetMocksTestExecutionListener@76cc97e2]
2020-04-05 19:31:44.672  INFO 17152 --- [    Test worker] o.a.c.c.C.[Tomcat].[localhost].[/]       : Initializing Spring TestDispatcherServlet ''
2020-04-05 19:31:44.672  INFO 17152 --- [    Test worker] o.s.t.web.servlet.TestDispatcherServlet  : Initializing Servlet ''
2020-04-05 19:31:44.678  INFO 17152 --- [    Test worker] o.s.t.web.servlet.TestDispatcherServlet  : Completed initialization in 5 ms
Hibernate: insert into posts (created_date, modified_date, author, content, title) values (?, ?, ?, ?, ?)
Hibernate: select posts0_.id as id1_0_, posts0_.created_date as created_2_0_, posts0_.modified_date as modified3_0_, posts0_.author as author4_0_, posts0_.content as content5_0_, posts0_.title as title6_0_ from posts posts0_
Hibernate: select posts0_.id as id1_0_, posts0_.created_date as created_2_0_, posts0_.modified_date as modified3_0_, posts0_.author as author4_0_, posts0_.content as content5_0_, posts0_.title as title6_0_ from posts posts0_
Hibernate: delete from posts where id=?
2020-04-05 19:31:44.916  INFO 17152 --- [    Test worker] o.a.c.c.C.[Tomcat].[localhost].[/]       : Initializing Spring TestDispatcherServlet ''
2020-04-05 19:31:44.916  INFO 17152 --- [    Test worker] o.s.t.web.servlet.TestDispatcherServlet  : Initializing Servlet ''
2020-04-05 19:31:44.921  INFO 17152 --- [    Test worker] o.s.t.web.servlet.TestDispatcherServlet  : Completed initialization in 5 ms
Hibernate: insert into posts (created_date, modified_date, author, content, title) values (?, ?, ?, ?, ?)
Hibernate: select posts0_.id as id1_0_0_, posts0_.created_date as created_2_0_0_, posts0_.modified_date as modified3_0_0_, posts0_.author as author4_0_0_, posts0_.content as content5_0_0_, posts0_.title as title6_0_0_ from posts posts0_ where posts0_.id=?
Hibernate: update posts set created_date=?, modified_date=?, author=?, content=?, title=? where id=?
Hibernate: select posts0_.id as id1_0_, posts0_.created_date as created_2_0_, posts0_.modified_date as modified3_0_, posts0_.author as author4_0_, posts0_.content as content5_0_, posts0_.title as title6_0_ from posts posts0_
Hibernate: select posts0_.id as id1_0_, posts0_.created_date as created_2_0_, posts0_.modified_date as modified3_0_, posts0_.author as author4_0_, posts0_.content as content5_0_, posts0_.title as title6_0_ from posts posts0_
Hibernate: delete from posts where id=?
]]></system-out>
  <system-err><![CDATA[]]></system-err>
</testsuite>
